<?xml version="1.0" encoding="UTF-8"?>
<!-- Generated by org.testng.reporters.JUnitXMLReporter -->
<testsuite ignored="0" hostname="SSANDPC1ATKW9" failures="0" tests="4" name="Test" time="10.023" errors="0" timestamp="2021-04-27T16:54:52 IST">
  <testcase classname="testScripts.Home.TC_HomePage_Validation" name="testAutomobileLink" time="3.934"/>
  <testcase classname="testScripts.Home.TC_HomePage_Validation" name="testCamperLink" time="0.001"/>
  <testcase classname="testScripts.Home.TC_HomePage_Validation" name="testMotorCycleLink" time="0.001"/>
  <testcase classname="testScripts.Home.TC_HomePage_Validation" name="testTruckLink" time="0.001"/>
</testsuite> <!-- Test -->
