<?xml version="1.0" encoding="UTF-8"?>
<testng-results ignored="0" total="1" passed="1" failed="0" skipped="0">
  <reporter-output>
  </reporter-output>
  <suite started-at="2021-04-23T01:11:16 IST" name="Default suite" finished-at="2021-04-23T01:11:18 IST" duration-ms="1615">
    <groups>
    </groups>
    <test started-at="2021-04-23T01:11:16 IST" name="Default test" finished-at="2021-04-23T01:11:18 IST" duration-ms="1615">
      <class name="testScripts.Test1">
        <test-method is-config="true" signature="oneTimeSetUp()[pri:0, instance:testScripts.Test1@3571b748]" started-at="2021-04-23T01:11:16 IST" name="oneTimeSetUp" finished-at="2021-04-23T01:11:16 IST" duration-ms="7" status="PASS">
          <reporter-output>
          </reporter-output>
        </test-method> <!-- oneTimeSetUp -->
        <test-method signature="test1()[pri:0, instance:testScripts.Test1@3571b748]" started-at="2021-04-23T01:11:16 IST" name="test1" finished-at="2021-04-23T01:11:18 IST" duration-ms="1598" status="PASS">
          <reporter-output>
          </reporter-output>
        </test-method> <!-- test1 -->
        <test-method is-config="true" signature="oneTimeTearDown()[pri:0, instance:testScripts.Test1@3571b748]" started-at="2021-04-23T01:11:18 IST" name="oneTimeTearDown" finished-at="2021-04-23T01:11:18 IST" duration-ms="0" status="PASS">
          <reporter-output>
          </reporter-output>
        </test-method> <!-- oneTimeTearDown -->
      </class> <!-- testScripts.Test1 -->
    </test> <!-- Default test -->
  </suite> <!-- Default suite -->
</testng-results>
