<?xml version="1.0" encoding="UTF-8"?>
<testng-results ignored="0" total="4" passed="4" failed="0" skipped="0">
  <reporter-output>
  </reporter-output>
  <suite started-at="2021-04-27T16:54:42 IST" name="Suite" finished-at="2021-04-27T16:54:52 IST" duration-ms="10023">
    <groups>
    </groups>
    <test started-at="2021-04-27T16:54:42 IST" name="Test" finished-at="2021-04-27T16:54:52 IST" duration-ms="10023">
      <class name="testScripts.Home.TC_HomePage_Validation">
        <test-method is-config="true" signature="oneTimeSetUp()[pri:0, instance:testScripts.Home.TC_HomePage_Validation@36b4fe2a]" started-at="2021-04-27T16:54:42 IST" name="oneTimeSetUp" finished-at="2021-04-27T16:54:42 IST" duration-ms="8" status="PASS">
          <reporter-output>
          </reporter-output>
        </test-method> <!-- oneTimeSetUp -->
        <test-method is-config="true" signature="setUp(java.lang.String)[pri:0, instance:testScripts.Home.TC_HomePage_Validation@36b4fe2a]" started-at="2021-04-27T16:54:42 IST" name="setUp" finished-at="2021-04-27T16:54:44 IST" duration-ms="1588" status="PASS">
          <params>
            <param index="0">
              <value>
                <![CDATA[Chrome]]>
              </value>
            </param>
          </params>
          <reporter-output>
          </reporter-output>
        </test-method> <!-- setUp -->
        <test-method is-config="true" signature="navigate()[pri:0, instance:testScripts.Home.TC_HomePage_Validation@36b4fe2a]" started-at="2021-04-27T16:54:44 IST" name="navigate" finished-at="2021-04-27T16:54:46 IST" duration-ms="2540" status="PASS">
          <reporter-output>
          </reporter-output>
        </test-method> <!-- navigate -->
        <test-method signature="testAutomobileLink()[pri:0, instance:testScripts.Home.TC_HomePage_Validation@36b4fe2a]" started-at="2021-04-27T16:54:46 IST" name="testAutomobileLink" finished-at="2021-04-27T16:54:50 IST" duration-ms="3934" status="PASS">
          <reporter-output>
          </reporter-output>
        </test-method> <!-- testAutomobileLink -->
        <test-method is-config="true" signature="afterMethodStatus(org.testng.ITestResult)[pri:0, instance:testScripts.Home.TC_HomePage_Validation@36b4fe2a]" started-at="2021-04-27T16:54:50 IST" name="afterMethodStatus" finished-at="2021-04-27T16:54:50 IST" duration-ms="124" status="PASS">
          <params>
            <param index="0">
              <value>
                <![CDATA[[TestResult name=testAutomobileLink status=SUCCESS method=TC_HomePage_Validation.testAutomobileLink()[pri:0, instance:testScripts.Home.TC_HomePage_Validation@36b4fe2a] output={null}]]]>
              </value>
            </param>
          </params>
          <reporter-output>
          </reporter-output>
        </test-method> <!-- afterMethodStatus -->
        <test-method is-config="true" signature="navigate()[pri:0, instance:testScripts.Home.TC_HomePage_Validation@36b4fe2a]" started-at="2021-04-27T16:54:50 IST" name="navigate" finished-at="2021-04-27T16:54:50 IST" duration-ms="248" status="PASS">
          <reporter-output>
          </reporter-output>
        </test-method> <!-- navigate -->
        <test-method signature="testCamperLink()[pri:0, instance:testScripts.Home.TC_HomePage_Validation@36b4fe2a]" started-at="2021-04-27T16:54:50 IST" name="testCamperLink" finished-at="2021-04-27T16:54:50 IST" duration-ms="1" status="PASS">
          <reporter-output>
          </reporter-output>
        </test-method> <!-- testCamperLink -->
        <test-method is-config="true" signature="afterMethodStatus(org.testng.ITestResult)[pri:0, instance:testScripts.Home.TC_HomePage_Validation@36b4fe2a]" started-at="2021-04-27T16:54:50 IST" name="afterMethodStatus" finished-at="2021-04-27T16:54:51 IST" duration-ms="608" status="PASS">
          <params>
            <param index="0">
              <value>
                <![CDATA[[TestResult name=testCamperLink status=SUCCESS method=TC_HomePage_Validation.testCamperLink()[pri:0, instance:testScripts.Home.TC_HomePage_Validation@36b4fe2a] output={null}]]]>
              </value>
            </param>
          </params>
          <reporter-output>
          </reporter-output>
        </test-method> <!-- afterMethodStatus -->
        <test-method is-config="true" signature="navigate()[pri:0, instance:testScripts.Home.TC_HomePage_Validation@36b4fe2a]" started-at="2021-04-27T16:54:51 IST" name="navigate" finished-at="2021-04-27T16:54:51 IST" duration-ms="226" status="PASS">
          <reporter-output>
          </reporter-output>
        </test-method> <!-- navigate -->
        <test-method signature="testMotorCycleLink()[pri:0, instance:testScripts.Home.TC_HomePage_Validation@36b4fe2a]" started-at="2021-04-27T16:54:51 IST" name="testMotorCycleLink" finished-at="2021-04-27T16:54:51 IST" duration-ms="1" status="PASS">
          <reporter-output>
          </reporter-output>
        </test-method> <!-- testMotorCycleLink -->
        <test-method is-config="true" signature="afterMethodStatus(org.testng.ITestResult)[pri:0, instance:testScripts.Home.TC_HomePage_Validation@36b4fe2a]" started-at="2021-04-27T16:54:51 IST" name="afterMethodStatus" finished-at="2021-04-27T16:54:52 IST" duration-ms="214" status="PASS">
          <params>
            <param index="0">
              <value>
                <![CDATA[[TestResult name=testMotorCycleLink status=SUCCESS method=TC_HomePage_Validation.testMotorCycleLink()[pri:0, instance:testScripts.Home.TC_HomePage_Validation@36b4fe2a] output={null}]]]>
              </value>
            </param>
          </params>
          <reporter-output>
          </reporter-output>
        </test-method> <!-- afterMethodStatus -->
        <test-method is-config="true" signature="navigate()[pri:0, instance:testScripts.Home.TC_HomePage_Validation@36b4fe2a]" started-at="2021-04-27T16:54:52 IST" name="navigate" finished-at="2021-04-27T16:54:52 IST" duration-ms="227" status="PASS">
          <reporter-output>
          </reporter-output>
        </test-method> <!-- navigate -->
        <test-method signature="testTruckLink()[pri:0, instance:testScripts.Home.TC_HomePage_Validation@36b4fe2a]" started-at="2021-04-27T16:54:52 IST" name="testTruckLink" finished-at="2021-04-27T16:54:52 IST" duration-ms="1" status="PASS">
          <reporter-output>
          </reporter-output>
        </test-method> <!-- testTruckLink -->
        <test-method is-config="true" signature="afterMethodStatus(org.testng.ITestResult)[pri:0, instance:testScripts.Home.TC_HomePage_Validation@36b4fe2a]" started-at="2021-04-27T16:54:52 IST" name="afterMethodStatus" finished-at="2021-04-27T16:54:52 IST" duration-ms="230" status="PASS">
          <params>
            <param index="0">
              <value>
                <![CDATA[[TestResult name=testTruckLink status=SUCCESS method=TC_HomePage_Validation.testTruckLink()[pri:0, instance:testScripts.Home.TC_HomePage_Validation@36b4fe2a] output={null}]]]>
              </value>
            </param>
          </params>
          <reporter-output>
          </reporter-output>
        </test-method> <!-- afterMethodStatus -->
        <test-method is-config="true" signature="tearDown()[pri:0, instance:testScripts.Home.TC_HomePage_Validation@36b4fe2a]" started-at="2021-04-27T16:54:52 IST" name="tearDown" finished-at="2021-04-27T16:54:52 IST" duration-ms="50" status="PASS">
          <reporter-output>
          </reporter-output>
        </test-method> <!-- tearDown -->
        <test-method is-config="true" signature="oneTimeTearDown()[pri:0, instance:testScripts.Home.TC_HomePage_Validation@36b4fe2a]" started-at="2021-04-27T16:54:52 IST" name="oneTimeTearDown" finished-at="2021-04-27T16:54:52 IST" duration-ms="1" status="PASS">
          <reporter-output>
          </reporter-output>
        </test-method> <!-- oneTimeTearDown -->
      </class> <!-- testScripts.Home.TC_HomePage_Validation -->
    </test> <!-- Test -->
  </suite> <!-- Suite -->
</testng-results>
